Построение начато 2/9/2019 9:04:34 AM.
     1>Проект "C:\Users\vania\Downloads\KluchnikIvan\VanPad\VanPad.vcxproj" в узле 2 (целевые объекты build).
     1>InitializeBuildStatus:
         Создание "Debug\VanPad.unsuccessfulbuild", так как было задано "AlwaysCreate".
       GenerateTargetFrameworkMonikerAttribute:
       Целевой объект "GenerateTargetFrameworkMonikerAttribute" пропускается, так как все выходные файлы актуальны по отношению к входным.
       ClCompile:
         Для всех выходных данных обновления не требуется.
         c:\Program Files (x86)\Microsoft Visual Studio 10.0\VC\bin\CL.exe /c /AI"C:\Program Files (x86)\Reference Assemblies\Microsoft\Framework\.NETFramework\v4.0" /Zi /clr:pure /nologo /W3 /WX- /Od /Oy- /D WIN32 /D _DEBUG /D _UNICODE /D UNICODE /EHa /MDd /GS /fp:precise /Zc:wchar_t /Zc:forScope /Yu"StdAfx.h" /Fp"Debug\VanPad.pch" /Fo"Debug\\" /Fd"Debug\vc100.pdb" /TP /FU"C:\Program Files (x86)\Reference Assemblies\Microsoft\Framework\.NETFramework\v4.0\Microsoft.VisualBasic.dll" /FU"c:\Program Files (x86)\Reference Assemblies\Microsoft\VBPowerPacks\v10.0\Microsoft.VisualBasic.PowerPacks.Vs.dll" /FU"C:\Program Files (x86)\Reference Assemblies\Microsoft\Framework\.NETFramework\v4.0\System.Core.dll" /FU"C:\Program Files (x86)\Reference Assemblies\Microsoft\Framework\.NETFramework\v4.0\System.Data.dll" /FU"C:\Program Files (x86)\Reference Assemblies\Microsoft\Framework\.NETFramework\v4.0\System.dll" /FU"C:\Program Files (x86)\Reference Assemblies\Microsoft\Framework\.NETFramework\v4.0\System.Drawing.dll" /FU"C:\Program Files (x86)\Reference Assemblies\Microsoft\Framework\.NETFramework\v4.0\System.Windows.Forms.dll" /FU"C:\Program Files (x86)\Reference Assemblies\Microsoft\Framework\.NETFramework\v4.0\System.Xml.dll" /analyze- /errorReport:prompt Form2.cpp Form22.cpp Form3.cpp Form4.cpp VanPad.cpp /clr:nostdlib 
         Form2.cpp
     1>c:\users\vania\downloads\kluchnikivan\vanpad\Form1.h(1141): warning C4101: Sit: неиспользованная локальная переменная
     1>c:\users\vania\downloads\kluchnikivan\vanpad\Form1.h(1253): warning C4101: Sit: неиспользованная локальная переменная
     1>c:\users\vania\downloads\kluchnikivan\vanpad\Form1.h(1358): warning C4101: SW: неиспользованная локальная переменная
     1>c:\users\vania\downloads\kluchnikivan\vanpad\Form1.h(1357): warning C4101: FS: неиспользованная локальная переменная
         Form22.cpp
     1>c:\users\vania\downloads\kluchnikivan\vanpad\Form1.h(1141): warning C4101: Sit: неиспользованная локальная переменная
     1>c:\users\vania\downloads\kluchnikivan\vanpad\Form1.h(1253): warning C4101: Sit: неиспользованная локальная переменная
     1>c:\users\vania\downloads\kluchnikivan\vanpad\Form1.h(1358): warning C4101: SW: неиспользованная локальная переменная
     1>c:\users\vania\downloads\kluchnikivan\vanpad\Form1.h(1357): warning C4101: FS: неиспользованная локальная переменная
         Form3.cpp
     1>c:\users\vania\downloads\kluchnikivan\vanpad\Form1.h(1141): warning C4101: Sit: неиспользованная локальная переменная
     1>c:\users\vania\downloads\kluchnikivan\vanpad\Form1.h(1253): warning C4101: Sit: неиспользованная локальная переменная
     1>c:\users\vania\downloads\kluchnikivan\vanpad\Form1.h(1358): warning C4101: SW: неиспользованная локальная переменная
     1>c:\users\vania\downloads\kluchnikivan\vanpad\Form1.h(1357): warning C4101: FS: неиспользованная локальная переменная
         Form4.cpp
     1>c:\users\vania\downloads\kluchnikivan\vanpad\Form1.h(1141): warning C4101: Sit: неиспользованная локальная переменная
     1>c:\users\vania\downloads\kluchnikivan\vanpad\Form1.h(1253): warning C4101: Sit: неиспользованная локальная переменная
     1>c:\users\vania\downloads\kluchnikivan\vanpad\Form1.h(1358): warning C4101: SW: неиспользованная локальная переменная
     1>c:\users\vania\downloads\kluchnikivan\vanpad\Form1.h(1357): warning C4101: FS: неиспользованная локальная переменная
         VanPad.cpp
     1>c:\users\vania\downloads\kluchnikivan\vanpad\Form1.h(1141): warning C4101: Sit: неиспользованная локальная переменная
     1>c:\users\vania\downloads\kluchnikivan\vanpad\Form1.h(1253): warning C4101: Sit: неиспользованная локальная переменная
     1>c:\users\vania\downloads\kluchnikivan\vanpad\Form1.h(1358): warning C4101: SW: неиспользованная локальная переменная
     1>c:\users\vania\downloads\kluchnikivan\vanpad\Form1.h(1357): warning C4101: FS: неиспользованная локальная переменная
         Создание кода...
         Для всех выходных данных обновления не требуется.
       CoreResGen:
         Отсутствуют ресурсы, устаревшие по отношению к файлам своих источников. Пропуск формирования ресурсов.
       ResourceCompile:
         Для всех выходных данных обновления не требуется.
       Link:
         c:\Program Files (x86)\Microsoft Visual Studio 10.0\VC\bin\link.exe /ERRORREPORT:PROMPT /OUT:"C:\Users\vania\Downloads\KluchnikIvan\Debug\VanPad.exe" /INCREMENTAL /NOLOGO /ASSEMBLYRESOURCE:Debug\VanPad.Form1.resources /ASSEMBLYRESOURCE:Debug\VanPad.Form2.resources /ASSEMBLYRESOURCE:Debug\VanPad.Form3.resources /ASSEMBLYRESOURCE:Debug\VanPad.Form4.resources /MANIFEST /ManifestFile:"Debug\VanPad.exe.intermediate.manifest" /MANIFESTUAC:"level='asInvoker' uiAccess='false'" /DEBUG /PDB:"C:\Users\vania\Downloads\KluchnikIvan\Debug\VanPad.pdb" /ASSEMBLYDEBUG /SUBSYSTEM:WINDOWS /TLBID:1 /ENTRY:"main" /DYNAMICBASE /FIXED:NO /NXCOMPAT /MACHINE:X86 Debug\app.res
         Debug\AssemblyInfo.obj
         Debug\Form2.obj
         Debug\Form22.obj
         Debug\Form3.obj
         Debug\Form4.obj
         Debug\stdafx.obj
         Debug\VanPad.obj
         "Debug\.NETFramework,Version=v4.0.AssemblyAttributes.obj"
         VanPad.vcxproj -> C:\Users\vania\Downloads\KluchnikIvan\Debug\VanPad.exe
       Manifest:
         c:\Program Files (x86)\Microsoft SDKs\Windows\v7.0A\bin\mt.exe /nologo /verbose /outputresource:"C:\Users\vania\Downloads\KluchnikIvan\Debug\VanPad.exe;#1" /manifest Debug\VanPad.exe.intermediate.manifest
       FinalizeBuildStatus:
         Файл "Debug\VanPad.unsuccessfulbuild" удаляется.
         Обращение к "Debug\VanPad.lastbuildstate".
     1>Построение проекта "C:\Users\vania\Downloads\KluchnikIvan\VanPad\VanPad.vcxproj" завершено (целевые объекты build).

Построение успешно завершено.

Затраченное время: 00:00:06.39
