C:\USERS\VANIA\DOWNLOADS\KLUCHNIKIVAN\DEBUG\VANPAD.EXE
C:\USERS\VANIA\DOWNLOADS\KLUCHNIKIVAN\DEBUG\VANPAD.ILK
C:\USERS\VANIA\DOWNLOADS\KLUCHNIKIVAN\DEBUG\VANPAD.PDB
C:\USERS\VANIA\DOWNLOADS\KLUCHNIKIVAN\VANPAD\DEBUG\.NETFRAMEWORK,VERSION=V4.0.ASSEMBLYATTRIBUTES.OBJ
C:\USERS\VANIA\DOWNLOADS\KLUCHNIKIVAN\VANPAD\DEBUG\APP.RES
C:\USERS\VANIA\DOWNLOADS\KLUCHNIKIVAN\VANPAD\DEBUG\ASSEMBLYINFO.OBJ
C:\Users\vania\Downloads\KluchnikIvan\VanPad\Debug\cl.command.1.tlog
C:\Users\vania\Downloads\KluchnikIvan\VanPad\Debug\CL.read.1.tlog
C:\Users\vania\Downloads\KluchnikIvan\VanPad\Debug\CL.write.1.tlog
C:\USERS\VANIA\DOWNLOADS\KLUCHNIKIVAN\VANPAD\DEBUG\FORM2.OBJ
C:\USERS\VANIA\DOWNLOADS\KLUCHNIKIVAN\VANPAD\DEBUG\FORM22.OBJ
C:\USERS\VANIA\DOWNLOADS\KLUCHNIKIVAN\VANPAD\DEBUG\FORM3.OBJ
C:\USERS\VANIA\DOWNLOADS\KLUCHNIKIVAN\VANPAD\DEBUG\FORM4.OBJ
C:\Users\vania\Downloads\KluchnikIvan\VanPad\Debug\link.10260.read.1.tlog
C:\Users\vania\Downloads\KluchnikIvan\VanPad\Debug\link.10260.write.1.tlog
C:\Users\vania\Downloads\KluchnikIvan\VanPad\Debug\link.10260-cvtres.read.1.tlog
C:\Users\vania\Downloads\KluchnikIvan\VanPad\Debug\link.10260-cvtres.write.1.tlog
C:\Users\vania\Downloads\KluchnikIvan\VanPad\Debug\link.1036.read.1.tlog
C:\Users\vania\Downloads\KluchnikIvan\VanPad\Debug\link.1036.write.1.tlog
C:\Users\vania\Downloads\KluchnikIvan\VanPad\Debug\link.1036-cvtres.read.1.tlog
C:\Users\vania\Downloads\KluchnikIvan\VanPad\Debug\link.1036-cvtres.write.1.tlog
C:\Users\vania\Downloads\KluchnikIvan\VanPad\Debug\link.1116.read.1.tlog
C:\Users\vania\Downloads\KluchnikIvan\VanPad\Debug\link.1116.write.1.tlog
C:\Users\vania\Downloads\KluchnikIvan\VanPad\Debug\link.1116-cvtres.read.1.tlog
C:\Users\vania\Downloads\KluchnikIvan\VanPad\Debug\link.1116-cvtres.write.1.tlog
C:\Users\vania\Downloads\KluchnikIvan\VanPad\Debug\link.11328.read.1.tlog
C:\Users\vania\Downloads\KluchnikIvan\VanPad\Debug\link.11328.write.1.tlog
C:\Users\vania\Downloads\KluchnikIvan\VanPad\Debug\link.11328-cvtres.read.1.tlog
C:\Users\vania\Downloads\KluchnikIvan\VanPad\Debug\link.11328-cvtres.write.1.tlog
C:\Users\vania\Downloads\KluchnikIvan\VanPad\Debug\link.11976.read.1.tlog
C:\Users\vania\Downloads\KluchnikIvan\VanPad\Debug\link.11976.write.1.tlog
C:\Users\vania\Downloads\KluchnikIvan\VanPad\Debug\link.11976-cvtres.read.1.tlog
C:\Users\vania\Downloads\KluchnikIvan\VanPad\Debug\link.11976-cvtres.write.1.tlog
C:\Users\vania\Downloads\KluchnikIvan\VanPad\Debug\link.1284.read.1.tlog
C:\Users\vania\Downloads\KluchnikIvan\VanPad\Debug\link.1284.write.1.tlog
C:\Users\vania\Downloads\KluchnikIvan\VanPad\Debug\link.1284-cvtres.read.1.tlog
C:\Users\vania\Downloads\KluchnikIvan\VanPad\Debug\link.1284-cvtres.write.1.tlog
C:\Users\vania\Downloads\KluchnikIvan\VanPad\Debug\link.14296.read.1.tlog
C:\Users\vania\Downloads\KluchnikIvan\VanPad\Debug\link.14296.write.1.tlog
C:\Users\vania\Downloads\KluchnikIvan\VanPad\Debug\link.14296-cvtres.read.1.tlog
C:\Users\vania\Downloads\KluchnikIvan\VanPad\Debug\link.14296-cvtres.write.1.tlog
C:\Users\vania\Downloads\KluchnikIvan\VanPad\Debug\link.1704.read.1.tlog
C:\Users\vania\Downloads\KluchnikIvan\VanPad\Debug\link.1704.write.1.tlog
C:\Users\vania\Downloads\KluchnikIvan\VanPad\Debug\link.1704-cvtres.read.1.tlog
C:\Users\vania\Downloads\KluchnikIvan\VanPad\Debug\link.1704-cvtres.write.1.tlog
C:\Users\vania\Downloads\KluchnikIvan\VanPad\Debug\link.1944.read.1.tlog
C:\Users\vania\Downloads\KluchnikIvan\VanPad\Debug\link.1944.write.1.tlog
C:\Users\vania\Downloads\KluchnikIvan\VanPad\Debug\link.1944-cvtres.read.1.tlog
C:\Users\vania\Downloads\KluchnikIvan\VanPad\Debug\link.1944-cvtres.write.1.tlog
C:\Users\vania\Downloads\KluchnikIvan\VanPad\Debug\link.4268.read.1.tlog
C:\Users\vania\Downloads\KluchnikIvan\VanPad\Debug\link.4268.write.1.tlog
C:\Users\vania\Downloads\KluchnikIvan\VanPad\Debug\link.4268-cvtres.read.1.tlog
C:\Users\vania\Downloads\KluchnikIvan\VanPad\Debug\link.4268-cvtres.write.1.tlog
C:\Users\vania\Downloads\KluchnikIvan\VanPad\Debug\link.4304.read.1.tlog
C:\Users\vania\Downloads\KluchnikIvan\VanPad\Debug\link.4304.write.1.tlog
C:\Users\vania\Downloads\KluchnikIvan\VanPad\Debug\link.4304-cvtres.read.1.tlog
C:\Users\vania\Downloads\KluchnikIvan\VanPad\Debug\link.4304-cvtres.write.1.tlog
C:\Users\vania\Downloads\KluchnikIvan\VanPad\Debug\link.4760.read.1.tlog
C:\Users\vania\Downloads\KluchnikIvan\VanPad\Debug\link.4760.write.1.tlog
C:\Users\vania\Downloads\KluchnikIvan\VanPad\Debug\link.4760-cvtres.read.1.tlog
C:\Users\vania\Downloads\KluchnikIvan\VanPad\Debug\link.4760-cvtres.write.1.tlog
C:\Users\vania\Downloads\KluchnikIvan\VanPad\Debug\link.5048.read.1.tlog
C:\Users\vania\Downloads\KluchnikIvan\VanPad\Debug\link.5048.write.1.tlog
C:\Users\vania\Downloads\KluchnikIvan\VanPad\Debug\link.5048-cvtres.read.1.tlog
C:\Users\vania\Downloads\KluchnikIvan\VanPad\Debug\link.5048-cvtres.write.1.tlog
C:\Users\vania\Downloads\KluchnikIvan\VanPad\Debug\link.5512.read.1.tlog
C:\Users\vania\Downloads\KluchnikIvan\VanPad\Debug\link.5512.write.1.tlog
C:\Users\vania\Downloads\KluchnikIvan\VanPad\Debug\link.5512-cvtres.read.1.tlog
C:\Users\vania\Downloads\KluchnikIvan\VanPad\Debug\link.5512-cvtres.write.1.tlog
C:\Users\vania\Downloads\KluchnikIvan\VanPad\Debug\link.6672.read.1.tlog
C:\Users\vania\Downloads\KluchnikIvan\VanPad\Debug\link.6672.write.1.tlog
C:\Users\vania\Downloads\KluchnikIvan\VanPad\Debug\link.6672-cvtres.read.1.tlog
C:\Users\vania\Downloads\KluchnikIvan\VanPad\Debug\link.6672-cvtres.write.1.tlog
C:\Users\vania\Downloads\KluchnikIvan\VanPad\Debug\link.732.read.1.tlog
C:\Users\vania\Downloads\KluchnikIvan\VanPad\Debug\link.732.write.1.tlog
C:\Users\vania\Downloads\KluchnikIvan\VanPad\Debug\link.732-cvtres.read.1.tlog
C:\Users\vania\Downloads\KluchnikIvan\VanPad\Debug\link.732-cvtres.write.1.tlog
C:\Users\vania\Downloads\KluchnikIvan\VanPad\Debug\link.7620.read.1.tlog
C:\Users\vania\Downloads\KluchnikIvan\VanPad\Debug\link.7620.write.1.tlog
C:\Users\vania\Downloads\KluchnikIvan\VanPad\Debug\link.7620-cvtres.read.1.tlog
C:\Users\vania\Downloads\KluchnikIvan\VanPad\Debug\link.7620-cvtres.write.1.tlog
C:\Users\vania\Downloads\KluchnikIvan\VanPad\Debug\link.8244.read.1.tlog
C:\Users\vania\Downloads\KluchnikIvan\VanPad\Debug\link.8244.write.1.tlog
C:\Users\vania\Downloads\KluchnikIvan\VanPad\Debug\link.8244-cvtres.read.1.tlog
C:\Users\vania\Downloads\KluchnikIvan\VanPad\Debug\link.8244-cvtres.write.1.tlog
C:\Users\vania\Downloads\KluchnikIvan\VanPad\Debug\link.8644.read.1.tlog
C:\Users\vania\Downloads\KluchnikIvan\VanPad\Debug\link.8644.write.1.tlog
C:\Users\vania\Downloads\KluchnikIvan\VanPad\Debug\link.8644-cvtres.read.1.tlog
C:\Users\vania\Downloads\KluchnikIvan\VanPad\Debug\link.8644-cvtres.write.1.tlog
C:\Users\vania\Downloads\KluchnikIvan\VanPad\Debug\link.9700.read.1.tlog
C:\Users\vania\Downloads\KluchnikIvan\VanPad\Debug\link.9700.write.1.tlog
C:\Users\vania\Downloads\KluchnikIvan\VanPad\Debug\link.9700-cvtres.read.1.tlog
C:\Users\vania\Downloads\KluchnikIvan\VanPad\Debug\link.9700-cvtres.write.1.tlog
C:\Users\vania\Downloads\KluchnikIvan\VanPad\Debug\link.command.1.tlog
C:\Users\vania\Downloads\KluchnikIvan\VanPad\Debug\link.read.1.tlog
C:\Users\vania\Downloads\KluchnikIvan\VanPad\Debug\link.write.1.tlog
C:\Users\vania\Downloads\KluchnikIvan\VanPad\Debug\mt.command.1.tlog
C:\Users\vania\Downloads\KluchnikIvan\VanPad\Debug\mt.read.1.tlog
C:\Users\vania\Downloads\KluchnikIvan\VanPad\Debug\mt.write.1.tlog
C:\Users\vania\Downloads\KluchnikIvan\VanPad\Debug\rc.command.1.tlog
C:\Users\vania\Downloads\KluchnikIvan\VanPad\Debug\rc.read.1.tlog
C:\Users\vania\Downloads\KluchnikIvan\VanPad\Debug\rc.write.1.tlog
C:\USERS\VANIA\DOWNLOADS\KLUCHNIKIVAN\VANPAD\DEBUG\STDAFX.OBJ
C:\USERS\VANIA\DOWNLOADS\KLUCHNIKIVAN\VANPAD\DEBUG\VANPAD.EXE.INTERMEDIATE.MANIFEST
C:\Users\vania\Downloads\KluchnikIvan\VanPad\Debug\VanPad.Form1.resources
C:\Users\vania\Downloads\KluchnikIvan\VanPad\Debug\VanPad.Form2.resources
C:\Users\vania\Downloads\KluchnikIvan\VanPad\Debug\VanPad.Form3.resources
C:\Users\vania\Downloads\KluchnikIvan\VanPad\Debug\VanPad.Form4.resources
C:\USERS\VANIA\DOWNLOADS\KLUCHNIKIVAN\VANPAD\DEBUG\VANPAD.OBJ
C:\USERS\VANIA\DOWNLOADS\KLUCHNIKIVAN\VANPAD\DEBUG\VANPAD.PCH
C:\Users\vania\Downloads\KluchnikIvan\VanPad\Debug\VanPad.vcxproj.GenerateResource.Cache
C:\Users\vania\Downloads\KluchnikIvan\VanPad\Debug\VanPad.vcxprojResolveAssemblyReference.cache
C:\Users\vania\Downloads\KluchnikIvan\VanPad\Debug\VanPad.write.1.tlog
C:\USERS\VANIA\DOWNLOADS\KLUCHNIKIVAN\VANPAD\DEBUG\VC100.PDB
